0 info it worked if it ends with ok
1 verbose cli [ 'node', '/usr/local/bin/npm', 'install', 'express-io', '--save' ]
2 info using npm@2.7.6
3 info using node@v0.10.29
4 verbose node symlink /usr/local/bin/node
5 verbose install initial load of /Users/azamuddin/Development/meetup/flux-chat/package.json
6 warn package.json flux-chat-meetup@0.0.1 No repository field.
7 warn package.json flux-chat-meetup@0.0.1 No README data
8 verbose installManyTop reading scoped package data from /Users/azamuddin/Development/meetup/flux-chat/node_modules/browserify/package.json
9 verbose installManyTop reading scoped package data from /Users/azamuddin/Development/meetup/flux-chat/node_modules/events/package.json
10 verbose installManyTop reading scoped package data from /Users/azamuddin/Development/meetup/flux-chat/node_modules/flux/package.json
11 verbose installManyTop reading scoped package data from /Users/azamuddin/Development/meetup/flux-chat/node_modules/jquery/package.json
12 verbose installManyTop reading scoped package data from /Users/azamuddin/Development/meetup/flux-chat/node_modules/object-assign/package.json
13 verbose installManyTop reading scoped package data from /Users/azamuddin/Development/meetup/flux-chat/node_modules/react/package.json
14 verbose installManyTop reading scoped package data from /Users/azamuddin/Development/meetup/flux-chat/node_modules/react-dom/package.json
15 verbose installManyTop reading scoped package data from /Users/azamuddin/Development/meetup/flux-chat/node_modules/reactify/package.json
16 verbose installManyTop reading scoped package data from /Users/azamuddin/Development/meetup/flux-chat/node_modules/watchify/package.json
17 warn package.json events@1.1.0 events is also the name of a node core module.
18 verbose readDependencies loading dependencies from /Users/azamuddin/Development/meetup/flux-chat/package.json
19 silly cache add args [ 'express-io', null ]
20 verbose cache add spec express-io
21 silly cache add parsed spec { raw: 'express-io',
21 silly cache add   scope: null,
21 silly cache add   name: 'express-io',
21 silly cache add   rawSpec: '',
21 silly cache add   spec: '*',
21 silly cache add   type: 'range' }
22 silly addNamed express-io@*
23 verbose addNamed "*" is a valid semver range for express-io
24 silly addNameRange { name: 'express-io', range: '*', hasData: false }
25 silly mapToRegistry name express-io
26 silly mapToRegistry using default registry
27 silly mapToRegistry registry https://registry.npmjs.org/
28 silly mapToRegistry uri https://registry.npmjs.org/express-io
29 verbose addNameRange registry:https://registry.npmjs.org/express-io not in flight; fetching
30 verbose request uri https://registry.npmjs.org/express-io
31 verbose request no auth needed
32 info attempt registry request try #1 at 13:59:46
33 verbose request id d38b05deb2cca327
34 http request GET https://registry.npmjs.org/express-io
35 http 404 https://registry.npmjs.org/express-io
36 verbose headers { 'content-type': 'application/json',
36 verbose headers   'cache-control': 'max-age=0',
36 verbose headers   'content-length': '2',
36 verbose headers   'accept-ranges': 'bytes',
36 verbose headers   date: 'Fri, 09 Oct 2015 06:57:39 GMT',
36 verbose headers   via: '1.1 varnish',
36 verbose headers   age: '0',
36 verbose headers   connection: 'keep-alive',
36 verbose headers   'x-served-by': 'cache-lax1433-LAX',
36 verbose headers   'x-cache': 'MISS',
36 verbose headers   'x-cache-hits': '0',
36 verbose headers   'x-timer': 'S1444373859.114418,VS0,VE54' }
37 silly get cb [ 404,
37 silly get   { 'content-type': 'application/json',
37 silly get     'cache-control': 'max-age=0',
37 silly get     'content-length': '2',
37 silly get     'accept-ranges': 'bytes',
37 silly get     date: 'Fri, 09 Oct 2015 06:57:39 GMT',
37 silly get     via: '1.1 varnish',
37 silly get     age: '0',
37 silly get     connection: 'keep-alive',
37 silly get     'x-served-by': 'cache-lax1433-LAX',
37 silly get     'x-cache': 'MISS',
37 silly get     'x-cache-hits': '0',
37 silly get     'x-timer': 'S1444373859.114418,VS0,VE54' } ]
38 verbose stack Error: Registry returned 404 for GET on https://registry.npmjs.org/express-io
38 verbose stack     at CachingRegistryClient.<anonymous> (/usr/local/lib/node_modules/npm/node_modules/npm-registry-client/lib/request.js:239:14)
38 verbose stack     at Request._callback (/usr/local/lib/node_modules/npm/node_modules/npm-registry-client/lib/request.js:170:14)
38 verbose stack     at Request.self.callback (/usr/local/lib/node_modules/npm/node_modules/request/request.js:360:22)
38 verbose stack     at Request.emit (events.js:98:17)
38 verbose stack     at Request.<anonymous> (/usr/local/lib/node_modules/npm/node_modules/request/request.js:1202:14)
38 verbose stack     at Request.emit (events.js:117:20)
38 verbose stack     at IncomingMessage.<anonymous> (/usr/local/lib/node_modules/npm/node_modules/request/request.js:1150:12)
38 verbose stack     at IncomingMessage.emit (events.js:117:20)
38 verbose stack     at _stream_readable.js:929:16
38 verbose stack     at process._tickCallback (node.js:419:13)
39 verbose statusCode 404
40 verbose pkgid express-io
41 verbose cwd /Users/azamuddin/Development/meetup/flux-chat
42 error Darwin 14.0.0
43 error argv "node" "/usr/local/bin/npm" "install" "express-io" "--save"
44 error node v0.10.29
45 error npm  v2.7.6
46 error code E404
47 error 404 Registry returned 404 for GET on https://registry.npmjs.org/express-io
47 error 404
47 error 404 'express-io' is not in the npm registry.
47 error 404 You should bug the author to publish it (or use the name yourself!)
47 error 404 It was specified as a dependency of 'flux-chat-meetup'
47 error 404
47 error 404 Note that you can also install from a
47 error 404 tarball, folder, http url, or git url.
48 verbose exit [ 1, true ]
